Build started 10/11/2017 08:28:05 p.m..
     1>Project "C:\Users\Sergio\Documents\GitHub\Practica12\Practica12\Practica12\Practica12.vcxproj" on node 2 (Build target(s)).
     1>ClCompile:
         C:\Program Files (x86)\Microsoft Visual Studio 11.0\VC\bin\CL.exe /c /Iinclude /ZI /nologo /W3 /WX- /Od /Oy- /D _MBCS /Gm /EHsc /RTC1 /MDd /GS /fp:precise /Zc:wchar_t /Zc:forScope /Fo"Debug\\" /Fd"Debug\vc110.pdb" /Gd /TP /analyze- /errorReport:prompt Camera.cpp figuras.cpp main_prac12.cpp texture.cpp
         texture.cpp
     1>c:\users\sergio\documents\github\practica12\practica12\practica12\texture.cpp(12): warning C4996: 'fopen': This function or variable may be unsafe. Consider using fopen_s instead. To disable deprecation, use _CRT_SECURE_NO_WARNINGS. See online help for details.
                 c:\program files (x86)\microsoft visual studio 11.0\vc\include\stdio.h(218) : vea la declaración de 'fopen'
     1>c:\users\sergio\documents\github\practica12\practica12\practica12\texture.cpp(48): warning C4996: 'strcpy': This function or variable may be unsafe. Consider using strcpy_s instead. To disable deprecation, use _CRT_SECURE_NO_WARNINGS. See online help for details.
                 c:\program files (x86)\microsoft visual studio 11.0\vc\include\string.h(110) : vea la declaración de 'strcpy'
     1>c:\users\sergio\documents\github\practica12\practica12\practica12\texture.cpp(84): warning C4996: 'fopen': This function or variable may be unsafe. Consider using fopen_s instead. To disable deprecation, use _CRT_SECURE_NO_WARNINGS. See online help for details.
                 c:\program files (x86)\microsoft visual studio 11.0\vc\include\stdio.h(218) : vea la declaración de 'fopen'
         main_prac12.cpp
         figuras.cpp
     1>c:\users\sergio\documents\github\practica12\practica12\practica12\figuras.cpp(361): warning C4101: 'phi' : variable local sin referencia
     1>c:\users\sergio\documents\github\practica12\practica12\practica12\figuras.cpp(361): warning C4101: 'theta' : variable local sin referencia
         Camera.cpp
         Generando código...
       Link:
         C:\Program Files (x86)\Microsoft Visual Studio 11.0\VC\bin\link.exe /ERRORREPORT:PROMPT /OUT:"C:\Users\Sergio\Documents\GitHub\Practica12\Practica12\Debug\Practica12.exe" /INCREMENTAL /NOLOGO /LIBPATH:lib cmodel/CModel.lib glut32.lib kernel32.lib user32.lib gdi32.lib winspool.lib comdlg32.lib advapi32.lib shell32.lib ole32.lib oleaut32.lib uuid.lib odbc32.lib odbccp32.lib kernel32.lib user32.lib gdi32.lib winspool.lib comdlg32.lib advapi32.lib shell32.lib ole32.lib oleaut32.lib uuid.lib odbc32.lib odbccp32.lib /NODEFAULTLIB:LIBCD.lib /MANIFEST /MANIFESTUAC:"level='asInvoker' uiAccess='false'" /manifest:embed /DEBUG /PDB:"C:\Users\Sergio\Documents\GitHub\Practica12\Practica12\Debug\Practica12.pdb" /TLBID:1 /DYNAMICBASE /NXCOMPAT /IMPLIB:"C:\Users\Sergio\Documents\GitHub\Practica12\Practica12\Debug\Practica12.lib" /MACHINE:X86 Debug\Camera.obj
         Debug\figuras.obj
         Debug\main_prac12.obj
         Debug\texture.obj
     1>CModel.lib(_3dsloader.obj) : warning LNK4099: no se encontró PDB 'vc70.pdb' con 'CModel.lib(_3dsloader.obj)' o en 'C:\Users\Sergio\Documents\GitHub\Practica12\Practica12\Debug\vc70.pdb'; se vinculará el objeto sin tener en cuenta información de depuración
     1>CModel.lib(CModel.obj) : warning LNK4099: no se encontró PDB 'vc70.pdb' con 'CModel.lib(CModel.obj)' o en 'C:\Users\Sergio\Documents\GitHub\Practica12\Practica12\Debug\vc70.pdb'; se vinculará el objeto sin tener en cuenta información de depuración
     1>CModel.lib(CObject.obj) : warning LNK4099: no se encontró PDB 'vc70.pdb' con 'CModel.lib(CObject.obj)' o en 'C:\Users\Sergio\Documents\GitHub\Practica12\Practica12\Debug\vc70.pdb'; se vinculará el objeto sin tener en cuenta información de depuración
     1>CModel.lib(GFILoader.obj) : warning LNK4099: no se encontró PDB 'vc70.pdb' con 'CModel.lib(GFILoader.obj)' o en 'C:\Users\Sergio\Documents\GitHub\Practica12\Practica12\Debug\vc70.pdb'; se vinculará el objeto sin tener en cuenta información de depuración
     1>CModel.lib(GLRender.obj) : warning LNK4099: no se encontró PDB 'vc70.pdb' con 'CModel.lib(GLRender.obj)' o en 'C:\Users\Sergio\Documents\GitHub\Practica12\Practica12\Debug\vc70.pdb'; se vinculará el objeto sin tener en cuenta información de depuración
     1>CModel.lib(HandleStream.obj) : warning LNK4099: no se encontró PDB 'vc70.pdb' con 'CModel.lib(HandleStream.obj)' o en 'C:\Users\Sergio\Documents\GitHub\Practica12\Practica12\Debug\vc70.pdb'; se vinculará el objeto sin tener en cuenta información de depuración
     1>CModel.lib(imageload.obj) : warning LNK4099: no se encontró PDB 'vc70.pdb' con 'CModel.lib(imageload.obj)' o en 'C:\Users\Sergio\Documents\GitHub\Practica12\Practica12\Debug\vc70.pdb'; se vinculará el objeto sin tener en cuenta información de depuración
     1>CModel.lib(MATRIX4X4.obj) : warning LNK4099: no se encontró PDB 'vc70.pdb' con 'CModel.lib(MATRIX4X4.obj)' o en 'C:\Users\Sergio\Documents\GitHub\Practica12\Practica12\Debug\vc70.pdb'; se vinculará el objeto sin tener en cuenta información de depuración
     1>CModel.lib(VECTOR3D.obj) : warning LNK4099: no se encontró PDB 'vc70.pdb' con 'CModel.lib(VECTOR3D.obj)' o en 'C:\Users\Sergio\Documents\GitHub\Practica12\Practica12\Debug\vc70.pdb'; se vinculará el objeto sin tener en cuenta información de depuración
     1>CModel.lib(VECTOR4D.obj) : warning LNK4099: no se encontró PDB 'vc70.pdb' con 'CModel.lib(VECTOR4D.obj)' o en 'C:\Users\Sergio\Documents\GitHub\Practica12\Practica12\Debug\vc70.pdb'; se vinculará el objeto sin tener en cuenta información de depuración
         Practica12.vcxproj -> C:\Users\Sergio\Documents\GitHub\Practica12\Practica12\Debug\Practica12.exe
     1>Done Building Project "C:\Users\Sergio\Documents\GitHub\Practica12\Practica12\Practica12\Practica12.vcxproj" (Build target(s)).

Build succeeded.

Time Elapsed 00:00:06.01
